20200107_14_39 - BEGIN JOB:
-----------------------------------------------------------------------------
the_whole_sjebang
-----------------------------------------------------------------------------
>code<
***
***  Welcome to a Darwin docker build  20200107_14_39 
***
***  bfg.bash    
***  /Users/boscp08/Projects/scratch/virtual-insanity/waardepapieren  
***  to build new waardepapieren images and containers 
***  FQDN = https://waardepapieren-demo.westeurope.azurecontainer.io 
***  docker-tag = 3
***  AZURE ACI-resourcegroup=Discipl_Wigo4it_DockerGroup3
***  LOGFILE=/Users/boscp08/Projects/scratch/virtual-insanity/waardepapieren/LOG_DIR/LOG_20200107_14_39.log
***
#######################
## variables
#######################
LOG_DIR=/Users/boscp08/Projects/scratch/virtual-insanity/waardepapieren/LOG_DIR
GIT_USER=boschpeter
GIT_REPO=waardepapieren
GITHUB_DIR=/Users/boscp08/Projects/scratch/virtual-insanity/waardepapieren
DOCKER_USER=boscp08
COMPOSE_BUILD_FLAG= --build
waardepapieren_mock-nlx=waardepapieren_mock-nlx
waardepapieren_waardepapieren-service=waardepapieren_waardepapieren-service
waardepapieren_clerk-frontend=waardepapieren_clerk-frontend
waardepapieren_mock-nlx=waardepapieren_mock-nlx
waardepapieren_waardepapieren-service=waardepapieren_waardepapieren-service
waardepapieren_clerk-frontend=waardepapieren_clerk-frontend
DOCKER_VERSION_TAG=3
AZ_RESOURCE_GROUP=Discipl_Wigo4it_DockerGroup3
AZ_DNSNAMELABEL=waardepapieren-demo
TIMEZONE=
CERT_HOST_IP=waardepapieren-demo.westeurope.azurecontainer.io
EPHEMERAL_RETENTION_TIME_COMPOSE_TRAVIS=2592020
CERT_HOST_IP_WP_SERVICE_HOSTNAME=waardepapieren-demo.westeurope.azurecontainer.io
#######################
## variables
#######################
</code>
20200107_14_40 - BEGIN JOB:
-----------------------------------------------------------------------------
docker_build_images
-----------------------------------------------------------------------------
20200107_14_40 - BEGIN JOB:
-----------------------------------------------------------------------------
docker_build_image mock-nlx
-----------------------------------------------------------------------------
20200107_14_40 - END JOB :
-----------------------------------------------------------------------------
docker_build_image mock-nlx
-----------------------------------------------------------------------------
20200107_14_40 - BEGIN JOB:
-----------------------------------------------------------------------------
docker_build_image waardepapieren-service
-----------------------------------------------------------------------------
20200107_14_42 - END JOB :
-----------------------------------------------------------------------------
docker_build_image waardepapieren-service
-----------------------------------------------------------------------------
20200107_14_42 - BEGIN JOB:
-----------------------------------------------------------------------------
docker_build_image clerk-frontend
-----------------------------------------------------------------------------
