20200102_20_17 - BEGIN JOB:
-----------------------------------------------------------------------------

-----------------------------------------------------------------------------
-- Running:get_curl_waardepapieren 
  File: /home/boscp08/Projects/scratch/virtual-insanity/waardepapieren/docker-compose-travis.yml
  Size: 971       	Blocks: 10         IO Block: 1024   regular file
Device: 34h/52d	Inode: 166168      Links: 1
Access: (0777/-rwxrwxrwx)  Uid: ( 1000/ boscp08)   Gid: ( 1000/ boscp08)
Access: 2020-01-02 20:04:45.053674402 +0100
Modify: 2020-01-02 20:17:04.620720893 +0100
Change: 2020-01-02 20:17:04.620720893 +0100
 Birth: -
  File: /home/boscp08/Projects/scratch/virtual-insanity/waardepapieren/mock-nlx/Dockerfile
  Size: 133       	Blocks: 10         IO Block: 512    regular file
Device: 34h/52d	Inode: 166350      Links: 1
Access: (0777/-rwxrwxrwx)  Uid: ( 1000/ boscp08)   Gid: ( 1000/ boscp08)
Access: 2020-01-02 19:08:23.734842443 +0100
Modify: 2020-01-02 20:17:04.684720145 +0100
Change: 2020-01-02 20:17:04.684720145 +0100
 Birth: -
  File: /home/boscp08/Projects/scratch/virtual-insanity/waardepapieren/clerk-frontend/Dockerfile
  Size: 488       	Blocks: 10         IO Block: 1024   regular file
Device: 34h/52d	Inode: 165936      Links: 1
Access: (0777/-rwxrwxrwx)  Uid: ( 1000/ boscp08)   Gid: ( 1000/ boscp08)
Access: 2020-01-02 19:08:23.702842804 +0100
Modify: 2020-01-02 20:17:04.740719491 +0100
Change: 2020-01-02 20:17:04.740719491 +0100
 Birth: -
  File: /home/boscp08/Projects/scratch/virtual-insanity/waardepapieren/clerk-frontend/nginx/nginx.conf
  Size: 78013     	Blocks: 50         IO Block: 78336  regular file
Device: 34h/52d	Inode: 165996      Links: 1
Access: (0777/-rwxrwxrwx)  Uid: ( 1000/ boscp08)   Gid: ( 1000/ boscp08)
Access: 2020-01-02 19:08:23.702842804 +0100
Modify: 2020-01-02 20:17:05.180714351 +0100
Change: 2020-01-02 20:17:05.180714351 +0100
 Birth: -
  File: /home/boscp08/Projects/scratch/virtual-insanity/waardepapieren/waardepapieren-service/Dockerfile
  Size: 264       	Blocks: 10         IO Block: 1024   regular file
Device: 34h/52d	Inode: 166676      Links: 1
Access: (0777/-rwxrwxrwx)  Uid: ( 1000/ boscp08)   Gid: ( 1000/ boscp08)
Access: 2020-01-02 19:08:23.758842173 +0100
Modify: 2020-01-02 20:17:05.256713465 +0100
Change: 2020-01-02 20:17:05.256713465 +0100
 Birth: -
  File: /home/boscp08/Projects/scratch/virtual-insanity/waardepapieren/waardepapieren-service/configuration/waardepapieren-config-compose.json
  Size: 76599     	Blocks: 50         IO Block: 76800  regular file
Device: 34h/52d	Inode: 166708      Links: 1
Access: (0777/-rwxrwxrwx)  Uid: ( 1000/ boscp08)   Gid: ( 1000/ boscp08)
Access: 2020-01-02 19:08:23.762842128 +0100
Modify: 2020-01-02 20:17:05.728707949 +0100
Change: 2020-01-02 20:17:05.728707949 +0100
 Birth: -
  File: /home/boscp08/Projects/scratch/virtual-insanity/waardepapieren/waardepapieren-service/configuration/waardepapieren-config.json
  Size: 816       	Blocks: 10         IO Block: 1024   regular file
Device: 34h/52d	Inode: 166714      Links: 1
Access: (0777/-rwxrwxrwx)  Uid: ( 1000/ boscp08)   Gid: ( 1000/ boscp08)
Access: 2020-01-02 20:16:55.436828213 +0100
Modify: 2020-01-02 20:17:05.804707061 +0100
Change: 2020-01-02 20:17:05.804707061 +0100
 Birth: -
  File: /home/boscp08/Projects/scratch/virtual-insanity/waardepapieren/waardepapieren-service/configuration/waardepapieren-config-compose-travis.json
  Size: 15        	Blocks: 2          IO Block: 1536   regular file
Device: 34h/52d	Inode: 166698      Links: 1
Access: (0777/-rwxrwxrwx)  Uid: ( 1000/ boscp08)   Gid: ( 1000/ boscp08)
Access: 2020-01-02 19:08:23.762842128 +0100
Modify: 2020-01-02 20:17:06.000704771 +0100
Change: 2020-01-02 20:17:06.000704771 +0100
 Birth: -
20200102_20_17 - END JOB :
-----------------------------------------------------------------------------

-----------------------------------------------------------------------------
