***
***  Welcome to a Darwin docker build  20200102_17_33 
***
***  bfg.bash    
***  /Users/boscp08/Projects/scratch/virtual-insanity/waardepapieren  
***  to build new waardepapieren images and containers 
***  FQDN = https://discple.org 
***  docker-tag = 2
***  AZURE ACI-resourcegroup=Discipl_Wigo4it_DockerGroup2
***  LOGFILE=/Users/boscp08/Projects/scratch/virtual-insanity/waardepapieren/LOG_DIR/LOG_20200102_17_33.log
<code>
#######################
## variables
#######################
LOG_DIR=/Users/boscp08/Projects/scratch/virtual-insanity/waardepapieren/LOG_DIR
GIT_USER=boschpeter
GIT_REPO=waardepapieren
GITHUB_DIR=/Users/boscp08/Projects/scratch/virtual-insanity/waardepapieren
DOCKER_USER=boscp08
COMPOSE_BUILD_FLAG= --build
waardepapieren_mock-nlx=waardepapieren_mock-nlx
waardepapieren_waardepapieren-service=waardepapieren_waardepapieren-service
waardepapieren_clerk-frontend=waardepapieren_clerk-frontend
waardepapieren_mock-nlx=waardepapieren_mock-nlx
waardepapieren_waardepapieren-service=waardepapieren_waardepapieren-service
waardepapieren_clerk-frontend=waardepapieren_clerk-frontend
DOCKER_VERSION_TAG=2
AZ_RESOURCE_GROUP=Discipl_Wigo4it_DockerGroup2
AZ_DNSNAMELABEL=discple
TIMEZONE=
CERT_HOST_IP=discple.org
CERT_HOST_IP_WP_SERVICE_HOSTNAME=discple.org
#######################
## variables
#######################
</code>
| 20200102_17_33 | docker-compose-travis.yml|
| 20200102_17_33 | /Users/boscp08/Projects/scratch/virtual-insanity/waardepapieren |
<code>
</code>
20200102_17_34 - END JOB :
-----------------------------------------------------------------------------

-----------------------------------------------------------------------------
