20200102_22_45 - BEGIN JOB:
-----------------------------------------------------------------------------
set_all_dockerfiles
-----------------------------------------------------------------------------
| 20200102_22_45 | docker-compose-travis yml|
| 20200102_22_45 | /home/boscp08/Projects/scratch/virtual-insanity/waardepapieren |
<code>
version: '3'
services:
  waardepapieren-service:
    volumes:
      - ./waardepapieren-service/system-test/certs:/certs:ro
      - ./waardepapieren-service/system-test/ephemeral-certs:/ephemeral-certs:ro
      - ./waardepapieren-service/configuration/:/app/configuration:ro
    build: waardepapieren-service/.
    links:
      - mock-nlx
    ports:
      - 3232:3232
      - 3233:3233
    environment:
      - WAARDEPAPIEREN_CONFIG=/app/configuration/waardepapieren-config-compose-travis.json
      # Ignore self-signed ephemeral cert issues
      - NODE_TLS_REJECT_UNAUTHORIZED=0
  clerk-frontend:
    build:
      context: clerk-frontend/
      args:
        - CERTIFICATE_HOST=http://waardepapieren-demo.westeurope.cloudapp.azure.com:8880
    links:
      - waardepapieren-service
    ports:
      - 443:443
      - 8880:8880
    healthcheck:
      test: service nginx status
    volumes:
      - ./clerk-frontend/nginx/certs:/etc/nginx/certs:ro
  mock-nlx:
    build: mock-nlx/
    ports:
      - 80:80
</code>
20200102_22_45 - END JOB :
-----------------------------------------------------------------------------

-----------------------------------------------------------------------------
| 20200102_22_45 | Dockerfile|
| 20200102_22_45 | /home/boscp08/Projects/scratch/virtual-insanity/waardepapieren/clerk-frontend |
<code>
FROM node:10
RUN mkdir /app
ADD package.json package-lock.json /app/
ENV REACT_APP_EPHEMERAL_ENDPOINT=https://localhost:443/api/eph
ENV REACT_APP_EPHEMERAL_WEBSOCKET_ENDPOINT=wss://localhost:443/api/eph-ws
WORKDIR /app
RUN npm install --unsafe-perm
ADD public /app/public
ADD src /app/src
ARG CERTIFICATE_HOST
ENV REACT_APP_CERTIFICATE_HOST=
RUN npm run build







FROM nginx:1.15.8
ADD nginx/nginx.conf /etc/nginx/nginx.conf
COPY --from=0 /app/build /usr/share/nginx/html
</code>
20200102_22_45 - END JOB :
-----------------------------------------------------------------------------

-----------------------------------------------------------------------------
| 20200102_22_45 | Dockerfile|
| 20200102_22_45 | /home/boscp08/Projects/scratch/virtual-insanity/waardepapieren/waardepapieren-service |
<code>
FROM node:10enter
RUN mkdir /app
ADD .babelrc package.json package-lock.json /app/
ADD src/* app/src/
ADD configuration/* app/configuration/
ENV WAARDEPAPIEREN_CONFIG /app/configuration/waardepapieren-config.json




WORKDIR /app
RUN npm install --production
CMD npm start
</code>
20200102_22_45 - END JOB :
-----------------------------------------------------------------------------

-----------------------------------------------------------------------------
| 20200102_22_45 | Dockerfile|
| 20200102_22_45 | /home/boscp08/Projects/scratch/virtual-insanity/waardepapieren/mock-nlx |
<code>
FROM node:10
RUN mkdir /app
ADD index.js package.json package-lock.json /app/
WORKDIR /app





RUN npm install --production
</code>
20200102_22_45 - END JOB :
-----------------------------------------------------------------------------

-----------------------------------------------------------------------------
| 20200102_22_45 | nginx conf|
| 20200102_22_45 | /home/boscp08/Projects/scratch/virtual-insanity/waardepapieren/clerk-frontend/nginx |
<code>
events {
    worker_connections  1024;
}

http {

    map $http_upgrade $connection_upgrade {
        default upgrade;
        '' close;
    }

    # Http server to obtain NLX certificate
    server {
        listen 8880;

        location / {
           root /usr/share/nginx/html;
           include /etc/nginx/mime.types;
        }
    }

    server {
        listen 443 ssl;

        ssl_certificate /etc/nginx/certs/org.crt;
        ssl_certificate_key /etc/nginx/certs/org.key;

        location /api/eph/ {
               proxy_pass https://waardepapieren-demo.westeurope.cloudapp.azure.com:3232/;    #pdf effect
           #     proxy_pass https://waardepapieren-service:3232/;
            #     proxy_pass https://172.19.0.3:3232/;
        }

        location /api/eph-ws {
           
              proxy_pass https://waardepapieren-demo.westeurope.cloudapp.azure.com:3232;   # pdf effect
             #  proxy_pass https://waardepapieren-service:3232;
            #  proxy_pass https://172.19.0.3:3232;
            proxy_http_version 1.1;
            proxy_set_header Upgrade $http_upgrade;
            proxy_set_header Connection Upgrade;
        }
        location / {
            root /usr/share/nginx/html;
            include /etc/nginx/mime.types;
        }
    }
}
</code>
20200102_22_45 - END JOB :
-----------------------------------------------------------------------------

-----------------------------------------------------------------------------
| 20200102_22_45 | waardepapieren-config-compose-travis json|
| 20200102_22_45 | /home/boscp08/Projects/scratch/virtual-insanity/waardepapieren/waardepapieren-service/configuration |
<code>
 {
   "EPHEMERAL_ENDPOINT" : "https://waardepapieren-demo.westeurope.cloudapp.azure.com:3232",
   "EPHEMERAL_WEBSOCKET_ENDPOINT" : "wss://waardepapieren-demo.westeurope.cloudapp.azure.com:3232",
   "EPHEMERAL_CERT": "/ephemeral-certs/org.crt",
   "EPHEMERAL_KEY": "/ephemeral-certs/org.key",
  "NLX_OUTWAY_ENDPOINT" : "http://waardepapieren-demo.westeurope.cloudapp.azure.com:80",
  "NLX_CERT": "/certs/org.crt",
  "NLX_KEY": "/certs/org.key",
  "LOG_LEVEL": "info",
  "EPHEMERAL_RETENTION_TIME": 2592020,
  "PRODUCT_NEED" : "BRP_UITTREKSEL_NEED",
  "SOURCE_NLX_PATH" : "/brp/basisregistratie/natuurlijke_personen/bsn/{BSN}",
  "SOURCE_ARGUMENT" : "BSN",
  "PRODUCT_ACCEPT" : "BRP_UITTREKSEL_ACCEPT",
  "PRODUCT_NAME" : "Gewaarmerkt digitaal afschrift van gegevens uit de basisregistratie personen (BRP)",
  "PRODUCT_DESCRIPTION" : "Uittreksel Basis Registratie Persoonsgegevens",
  "PRODUCT_PURPOSE" : "Bewijs verblijfadres in woonplaats",
  "SOURCE_DATA_SELECTION" : [
    {"Burgerservicenummer (BSN)" : "burgerservicenummer"},
    {"Woonplaats verblijfadres" : "verblijfadres.woonplaats"}
  ]
} 
</code>
20200102_22_45 - END JOB :
-----------------------------------------------------------------------------

-----------------------------------------------------------------------------
| 20200102_22_45 | deploy-aci yaml|
| 20200102_22_45 | /home/boscp08/Projects/scratch/virtual-insanity/waardepapieren |
<code>
location: westeurope
name: Discipl_Wigo4it_DockerGroup1
properties:
  containers:
  - name: mock-nlx
    properties:
      image: boscp08/waardepapieren_mock-nlx:1
      resources:
        requests:
          cpu: 1
          memoryInGb: 0.5
      ports:
      - port: 80
  - name: waardepapieren-service
    properties:
      image: boscp08/waardepapieren_waardepapieren-service:1
      resources:
        requests:
          cpu: 1
          memoryInGb: 0.5
      ports:
      - port: 3232
      - port: 3233
  - name: clerk-frontend
    properties:
      image: boscp08/waardepapieren_clerk-frontend:1
      resources:
        requests:
          cpu: 1
          memoryInGb: 0.5
      ports:
      - port: 443
      - port: 8880
  osType: Linu
  ipAddress:
    type: Public
    # fqdn wordt: discipl_waardepapieren.westeurope.azurecontainer.io
    dnsNameLabel: waardepapieren-demo 
    ports:
    - protocol: tcp
      port: '443' 
    - protocol: tcp
      port: '3232' 
    - protocol: tcp
      port: '3233' 
    - protocol: tcp
      port: '80'    
    - protocol: tcp
      port: '8880'      
tags: null
type: Microsoft.ContainerInstance/containerGroups
</code>
20200102_22_45 - END JOB :
-----------------------------------------------------------------------------

-----------------------------------------------------------------------------
20200102_22_45 - END JOB :
-----------------------------------------------------------------------------
set_all_dockerfiles
-----------------------------------------------------------------------------
