20200102_21_47 - BEGIN JOB:
-----------------------------------------------------------------------------
get_curl_waardepapieren
-----------------------------------------------------------------------------
-- Running:get_curl_waardepapieren 
  File: /home/boscp08/Projects/scratch/virtual-insanity/waardepapieren/docker-compose-travis.yml
  Size: 971       	Blocks: 10         IO Block: 1024   regular file
Device: 34h/52d	Inode: 166168      Links: 1
Access: (0777/-rwxrwxrwx)  Uid: ( 1000/ boscp08)   Gid: ( 1000/ boscp08)
Access: 2020-01-02 21:46:38.647009988 +0100
Modify: 2020-01-02 21:47:55.802097715 +0100
Change: 2020-01-02 21:47:55.802097715 +0100
 Birth: -
  File: /home/boscp08/Projects/scratch/virtual-insanity/waardepapieren/mock-nlx/Dockerfile
  Size: 133       	Blocks: 10         IO Block: 512    regular file
Device: 34h/52d	Inode: 166350      Links: 1
Access: (0777/-rwxrwxrwx)  Uid: ( 1000/ boscp08)   Gid: ( 1000/ boscp08)
Access: 2020-01-02 21:46:52.350848046 +0100
Modify: 2020-01-02 21:47:55.878096816 +0100
Change: 2020-01-02 21:47:55.878096816 +0100
 Birth: -
  File: /home/boscp08/Projects/scratch/virtual-insanity/waardepapieren/clerk-frontend/Dockerfile
  Size: 488       	Blocks: 10         IO Block: 1024   regular file
Device: 34h/52d	Inode: 165936      Links: 1
Access: (0777/-rwxrwxrwx)  Uid: ( 1000/ boscp08)   Gid: ( 1000/ boscp08)
Access: 2020-01-02 21:46:40.478988342 +0100
Modify: 2020-01-02 21:47:55.926096248 +0100
Change: 2020-01-02 21:47:55.926096248 +0100
 Birth: -
  File: /home/boscp08/Projects/scratch/virtual-insanity/waardepapieren/clerk-frontend/nginx/nginx.conf
  Size: 78014     	Blocks: 10         IO Block: 78336  regular file
Device: 34h/52d	Inode: 165996      Links: 1
Access: (0777/-rwxrwxrwx)  Uid: ( 1000/ boscp08)   Gid: ( 1000/ boscp08)
Access: 2020-01-02 21:46:53.694832162 +0100
Modify: 2020-01-02 21:47:56.442090143 +0100
Change: 2020-01-02 21:47:56.442090143 +0100
 Birth: -
  File: /home/boscp08/Projects/scratch/virtual-insanity/waardepapieren/waardepapieren-service/Dockerfile
  Size: 264       	Blocks: 10         IO Block: 1024   regular file
Device: 34h/52d	Inode: 166676      Links: 1
Access: (0777/-rwxrwxrwx)  Uid: ( 1000/ boscp08)   Gid: ( 1000/ boscp08)
Access: 2020-01-02 21:46:42.462964898 +0100
Modify: 2020-01-02 21:47:56.522089196 +0100
Change: 2020-01-02 21:47:56.522089196 +0100
 Birth: -
  File: /home/boscp08/Projects/scratch/virtual-insanity/waardepapieren/waardepapieren-service/configuration/waardepapieren-config-compose-travis.json
  Size: 970       	Blocks: 10         IO Block: 1536   regular file
Device: 34h/52d	Inode: 166698      Links: 1
Access: (0777/-rwxrwxrwx)  Uid: ( 1000/ boscp08)   Gid: ( 1000/ boscp08)
Access: 2020-01-02 21:46:55.774807579 +0100
Modify: 2020-01-02 21:47:56.598088298 +0100
Change: 2020-01-02 21:47:56.598088298 +0100
 Birth: -
  File: /home/boscp08/Projects/scratch/virtual-insanity/waardepapieren/waardepapieren-service/configuration/waardepapieren-config-compose.json
  Size: 76617     	Blocks: 10         IO Block: 76800  regular file
Device: 34h/52d	Inode: 166708      Links: 1
Access: (0777/-rwxrwxrwx)  Uid: ( 1000/ boscp08)   Gid: ( 1000/ boscp08)
Access: 2020-01-02 21:47:00.638750087 +0100
Modify: 2020-01-02 21:47:56.942084227 +0100
Change: 2020-01-02 21:47:56.942084227 +0100
 Birth: -
  File: /home/boscp08/Projects/scratch/virtual-insanity/waardepapieren/waardepapieren-service/configuration/waardepapieren-config.json
  Size: 816       	Blocks: 10         IO Block: 1536   regular file
Device: 34h/52d	Inode: 166714      Links: 1
Access: (0777/-rwxrwxrwx)  Uid: ( 1000/ boscp08)   Gid: ( 1000/ boscp08)
Access: 2020-01-02 21:47:02.542727581 +0100
Modify: 2020-01-02 21:47:57.018083328 +0100
Change: 2020-01-02 21:47:57.018083328 +0100
 Birth: -
20200102_21_47 - END JOB :
-----------------------------------------------------------------------------
get_curl_waardepapieren
-----------------------------------------------------------------------------
