20200107_14_38 - BEGIN JOB:
-----------------------------------------------------------------------------
the_whole_sjebang
-----------------------------------------------------------------------------
>code<
***
***  Welcome to a Darwin docker build  20200107_14_38 
***
***  bfg.bash    
***  /Users/boscp08/Projects/scratch/virtual-insanity/waardepapieren  
***  to build new waardepapieren images and containers 
***  FQDN = https:// 
***  docker-tag = 
***  AZURE ACI-resourcegroup=
***  LOGFILE=/Users/boscp08/Projects/scratch/virtual-insanity/waardepapieren/LOG_DIR/LOG_20200107_14_38.log
***
#######################
## variables
#######################
LOG_DIR=/Users/boscp08/Projects/scratch/virtual-insanity/waardepapieren/LOG_DIR
GIT_USER=boschpeter
GIT_REPO=waardepapieren
GITHUB_DIR=/Users/boscp08/Projects/scratch/virtual-insanity/waardepapieren
DOCKER_USER=boscp08
COMPOSE_BUILD_FLAG= --build
waardepapieren_mock-nlx=waardepapieren_mock-nlx
waardepapieren_waardepapieren-service=waardepapieren_waardepapieren-service
waardepapieren_clerk-frontend=waardepapieren_clerk-frontend
waardepapieren_mock-nlx=waardepapieren_mock-nlx
waardepapieren_waardepapieren-service=waardepapieren_waardepapieren-service
waardepapieren_clerk-frontend=waardepapieren_clerk-frontend
DOCKER_VERSION_TAG=
AZ_RESOURCE_GROUP=
AZ_DNSNAMELABEL=
TIMEZONE=
CERT_HOST_IP=
EPHEMERAL_RETENTION_TIME_COMPOSE_TRAVIS=2592020
CERT_HOST_IP_WP_SERVICE_HOSTNAME=
#######################
## variables
#######################
</code>
