| 20200102_22_36 | Dockerfile|
| 20200102_22_36 | /home/boscp08/Projects/scratch/virtual-insanity/waardepapieren/clerk-frontend |
<code>
FROM node:10 
RUN mkdir /app
ADD package.json package-lock.json /app/
ENV REACT_APP_EPHEMERAL_ENDPOINT=https://localhost:443/api/eph
ENV REACT_APP_EPHEMERAL_WEBSOCKET_ENDPOINT=wss://localhost:443/api/eph-ws
WORKDIR /app
RUN npm install --unsafe-perm
ADD public /app/public
ADD src /app/src
ARG CERTIFICATE_HOST
ENV REACT_APP_CERTIFICATE_HOST=






RUN npm run build

FROM nginx:1.15.8
ADD nginx/nginx.conf /etc/nginx/nginx.conf
COPY --from=0 /app/build /usr/share/nginx/html
</code>
20200102_22_36 - END JOB :
-----------------------------------------------------------------------------

-----------------------------------------------------------------------------
20200102_22_37 - BEGIN JOB:
-----------------------------------------------------------------------------
get_curl_waardepapieren
-----------------------------------------------------------------------------
-- Running:get_curl_waardepapieren 
  File: /home/boscp08/Projects/scratch/virtual-insanity/waardepapieren/docker-compose-travis.yml
  Size: 971       	Blocks: 10         IO Block: 1536   regular file
Device: 34h/52d	Inode: 166168      Links: 1
Access: (0777/-rwxrwxrwx)  Uid: ( 1000/ boscp08)   Gid: ( 1000/ boscp08)
Access: 2020-01-02 22:35:42.815566371 +0100
Modify: 2020-01-02 22:37:14.090469596 +0100
Change: 2020-01-02 22:37:14.090469596 +0100
 Birth: -
  File: /home/boscp08/Projects/scratch/virtual-insanity/waardepapieren/mock-nlx/Dockerfile
  Size: 133       	Blocks: 10         IO Block: 512    regular file
Device: 34h/52d	Inode: 166350      Links: 1
Access: (0777/-rwxrwxrwx)  Uid: ( 1000/ boscp08)   Gid: ( 1000/ boscp08)
Access: 2020-01-02 22:35:51.979456241 +0100
Modify: 2020-01-02 22:37:14.166468684 +0100
Change: 2020-01-02 22:37:14.166468684 +0100
 Birth: -
  File: /home/boscp08/Projects/scratch/virtual-insanity/waardepapieren/clerk-frontend/Dockerfile
  Size: 488       	Blocks: 10         IO Block: 1024   regular file
Device: 34h/52d	Inode: 165936      Links: 1
Access: (0777/-rwxrwxrwx)  Uid: ( 1000/ boscp08)   Gid: ( 1000/ boscp08)
Access: 2020-01-02 22:36:33.226960577 +0100
Modify: 2020-01-02 22:37:14.218468058 +0100
Change: 2020-01-02 22:37:14.218468058 +0100
 Birth: -
  File: /home/boscp08/Projects/scratch/virtual-insanity/waardepapieren/clerk-frontend/nginx/nginx.conf
  Size: 948       	Blocks: 10         IO Block: 1536   regular file
Device: 34h/52d	Inode: 175840      Links: 1
Access: (0777/-rwxrwxrwx)  Uid: ( 1000/ boscp08)   Gid: ( 1000/ boscp08)
Access: 2020-01-02 22:35:52.427450856 +0100
Modify: 2020-01-02 22:37:14.266467482 +0100
Change: 2020-01-02 22:37:14.266467482 +0100
 Birth: -
  File: /home/boscp08/Projects/scratch/virtual-insanity/waardepapieren/waardepapieren-service/Dockerfile
  Size: 264       	Blocks: 10         IO Block: 1024   regular file
Device: 34h/52d	Inode: 166676      Links: 1
Access: (0777/-rwxrwxrwx)  Uid: ( 1000/ boscp08)   Gid: ( 1000/ boscp08)
Access: 2020-01-02 22:35:51.371463547 +0100
Modify: 2020-01-02 22:37:14.318466857 +0100
Change: 2020-01-02 22:37:14.318466857 +0100
 Birth: -
  File: /home/boscp08/Projects/scratch/virtual-insanity/waardepapieren/waardepapieren-service/configuration/waardepapieren-config-compose-travis.json
  Size: 970       	Blocks: 10         IO Block: 1536   regular file
Device: 34h/52d	Inode: 166698      Links: 1
Access: (0777/-rwxrwxrwx)  Uid: ( 1000/ boscp08)   Gid: ( 1000/ boscp08)
Access: 2020-01-02 22:35:53.035443550 +0100
Modify: 2020-01-02 22:37:14.374466184 +0100
Change: 2020-01-02 22:37:14.374466184 +0100
 Birth: -
  File: /home/boscp08/Projects/scratch/virtual-insanity/waardepapieren/waardepapieren-service/configuration/waardepapieren-config-compose.json
  Size: 76608     	Blocks: 50         IO Block: 76800  regular file
Device: 34h/52d	Inode: 166708      Links: 1
Access: (0777/-rwxrwxrwx)  Uid: ( 1000/ boscp08)   Gid: ( 1000/ boscp08)
Access: 2020-01-02 22:35:57.391391201 +0100
Modify: 2020-01-02 22:37:14.894459937 +0100
Change: 2020-01-02 22:37:14.894459937 +0100
 Birth: -
  File: /home/boscp08/Projects/scratch/virtual-insanity/waardepapieren/waardepapieren-service/configuration/waardepapieren-config.json
  Size: 816       	Blocks: 10         IO Block: 1536   regular file
Device: 34h/52d	Inode: 166714      Links: 1
Access: (0777/-rwxrwxrwx)  Uid: ( 1000/ boscp08)   Gid: ( 1000/ boscp08)
Access: 2020-01-02 22:34:07.328714129 +0100
Modify: 2020-01-02 22:37:14.946459312 +0100
Change: 2020-01-02 22:37:14.946459312 +0100
 Birth: -
20200102_22_37 - END JOB :
-----------------------------------------------------------------------------
get_curl_waardepapieren
-----------------------------------------------------------------------------
