<code>
***
***  Welcome to a Linux docker build  20200102_21_45 
***
***  bfg.bash    
***  /home/boscp08/Projects/scratch/virtual-insanity/waardepapieren  
***  to build new waardepapieren images and containers 
***  FQDN = https://localhost 
***  docker-tag = 1
***  AZURE ACI-resourcegroup=Discipl_Wigo4it_DockerGroup1
***  LOGFILE=/home/boscp08/Projects/scratch/virtual-insanity/waardepapieren/LOG_DIR/LOG_20200102_21_45.log
#######################
## variables
#######################
LOG_DIR=/home/boscp08/Projects/scratch/virtual-insanity/waardepapieren/LOG_DIR
GIT_USER=boschpeter
GIT_REPO=waardepapieren
GITHUB_DIR=/home/boscp08/Projects/scratch/virtual-insanity/waardepapieren
DOCKER_USER=boscp08
COMPOSE_BUILD_FLAG= --build
waardepapieren_mock-nlx=waardepapieren_mock-nlx
waardepapieren_waardepapieren-service=waardepapieren_waardepapieren-service
waardepapieren_clerk-frontend=waardepapieren_clerk-frontend
waardepapieren_mock-nlx=waardepapieren_mock-nlx
waardepapieren_waardepapieren-service=waardepapieren_waardepapieren-service
waardepapieren_clerk-frontend=waardepapieren_clerk-frontend
DOCKER_VERSION_TAG=1
AZ_RESOURCE_GROUP=Discipl_Wigo4it_DockerGroup1
AZ_DNSNAMELABEL=localhost##*-}
TIMEZONE=
CERT_HOST_IP=localhost
EPHEMERAL_RETENTION_TIME_COMPOSE_TRAVIS=2592020
EPHEMERAL_RETENTION_TIME_COMPOSE=2592021
EPHEMERAL_RETENTION_TIME_CONFIG=2592022
CERT_HOST_IP_WP_SERVICE_HOSTNAME=localhost
#######################
## variables
#######################
</code>
20200102_21_46 - BEGIN JOB:
-----------------------------------------------------------------------------
set_all_dockerfiles
-----------------------------------------------------------------------------
| 20200102_21_45 | docker-compose-travis yml|
| 20200102_21_45 | /home/boscp08/Projects/scratch/virtual-insanity/waardepapieren |
<code>
version: '3'
services:
  waardepapieren-service:
    volumes:
      #- ./waardepapieren-service/system-test/certs:/certs:rw
      #- ./waardepapieren-service/system-test/ephemeral-certs:/ephemeral-certs:rw
      - ./waardepapieren-service/configuration/:/app/configuration2:rw  #FAKE
    build: waardepapieren-service/.
    links:
      - mock-nlx
    ports:
      - 3232:3232
      - 3233:3233
    environment:
      - WAARDEPAPIEREN_CONFIG=/app/configuration/waardepapieren-config-compose-travis.json
      # Ignore self-signed ephemeral cert issues
      - NODE_TLS_REJECT_UNAUTHORIZED=0
  clerk-frontend:
    build:
      context: clerk-frontend/
      args:
        - CERTIFICATE_HOST=http://localhost:8880
    links:
      - waardepapieren-service
    ports:
      - 443:443
      - 8880:8880
    healthcheck:
      test: service nginx status
  #  volumes:
  #    - ./clerk-frontend/nginx/certs:/etc/nginx/certs:rw
  mock-nlx:
    build: mock-nlx/
    ports:
      - 80:80
</code>
20200102_21_46 - END JOB :
-----------------------------------------------------------------------------

-----------------------------------------------------------------------------
| 20200102_21_45 | Dockerfile|
| 20200102_21_45 | /home/boscp08/Projects/scratch/virtual-insanity/waardepapieren/clerk-frontend |
<code>
FROM node:10
RUN mkdir /app
ADD package.json package-lock.json /app/
ENV REACT_APP_EPHEMERAL_ENDPOINT=https://localhost:443/api/eph
ENV REACT_APP_EPHEMERAL_WEBSOCKET_ENDPOINT=wss://localhost:443/api/eph-ws
WORKDIR /app
RUN npm install --unsafe-perm
ADD public /app/public
ADD src /app/src
ARG CERTIFICATE_HOST
ENV REACT_APP_CERTIFICATE_HOST=http://localhost:8880





RUN npm run build

FROM nginx:1.15.8
ADD nginx/nginx.conf /etc/nginx/nginx.conf
COPY --from=0 /app/build /usr/share/nginx/html
#  volumes:
#    - ./clerk-frontend/nginx/certs:/etc/nginx/certs:rw
RUN mkdir /etc/nginx/certs
RUN apt-get update 
RUN apt-get install -y iputils-ping
RUN apt-get install -y net-tools

ADD nginx/certs/org.crt /etc/nginx/certs/org.crt
ADD nginx/certs/org.key /etc/nginx/certs/org.key
</code>
20200102_21_46 - END JOB :
-----------------------------------------------------------------------------

-----------------------------------------------------------------------------
| 20200102_21_45 | Dockerfile|
| 20200102_21_45 | /home/boscp08/Projects/scratch/virtual-insanity/waardepapieren/waardepapieren-service |
<code>
FROM node:10
RUN mkdir /app
ADD .babelrc package.json package-lock.json /app/
ADD src/* app/src/
ADD configuration/* app/configuration/
#- ./waardepapieren-service/system-test/certs:/certs:ro
RUN mkdir /certs
ADD system-test/certs/org.crt /certs/org.crt
ADD system-test/certs/org.key /certs/org.key
#- ./waardepapieren-service/system-test/ephemeral-certs:/ephemeral-certs:ro
RUN mkdir /ephemeral-certs
ADD system-test/ephemeral-certs/org.crt /ephemeral-certs/
ADD system-test/ephemeral-certs/org.key /ephemeral-certs/
#- ./waardepapieren-service/configuration/:/app/configuration:ro

WORKDIR /app
RUN mkdir /configuration
ADD configuration/waardepapieren-config-compose.json /app/configuration
ADD configuration/waardepapieren-config-compose-travis.json /app/configuration
ADD configuration/waardepapieren-config.json /app/configuration
ENV WAARDEPAPIEREN_CONFIG /app/configuration/waardepapieren-config.json






RUN npm install --production
CMD npm start
</code>
20200102_21_46 - END JOB :
-----------------------------------------------------------------------------

-----------------------------------------------------------------------------
| 20200102_21_45 | Dockerfile|
| 20200102_21_45 | /home/boscp08/Projects/scratch/virtual-insanity/waardepapieren/mock-nlx |
<code>
FROM node:10
RUN mkdir /app
ADD index.js package.json package-lock.json /app/
WORKDIR /app





RUN npm install --production
</code>
20200102_21_46 - END JOB :
-----------------------------------------------------------------------------

-----------------------------------------------------------------------------
| 20200102_21_45 | nginx conf|
| 20200102_21_45 | /home/boscp08/Projects/scratch/virtual-insanity/waardepapieren/clerk-frontend/nginx |
<code>
events {
    worker_connections  1024;
}

http {

    map $http_upgrade $connection_upgrade {
        default upgrade;
        '' close;
    }

    # Http server to obtain NLX certificate
    server {
        listen 8880;

        location / {
           root /usr/share/nginx/html;
           include /etc/nginx/mime.types;
        }
    }

    server {
        listen 443 ssl;

        ssl_certificate /etc/nginx/certs/org.crt;
        ssl_certificate_key /etc/nginx/certs/org.key;

        location /api/eph/ {
               proxy_pass https://localhost:3232/;    #pdf effect
           #     proxy_pass https://waardepapieren-service:3232/;
            #     proxy_pass https://172.19.0.3:3232/;
        }

        location /api/eph-ws {
           
              proxy_pass https://localhost:3232;   # pdf effect
             #  proxy_pass https://waardepapieren-service:3232;
            #  proxy_pass https://172.19.0.3:3232;
            proxy_http_version 1.1;
            proxy_set_header Upgrade $http_upgrade;
            proxy_set_header Connection Upgrade;
        }
        location / {
            root /usr/share/nginx/html;
            include /etc/nginx/mime.types;
        }
    }
}
</code>
20200102_21_46 - END JOB :
-----------------------------------------------------------------------------

-----------------------------------------------------------------------------
