***
***  Welcome to a Darwin docker build  20200102_15_51 
***
***  bfg.bash mm 3 waardepapieren-demo.westeurope.azurecloud.joho   
***  /Users/boscp08/Projects/scratch/virtual-insanity/waardepapieren  
***  to build new waardepapieren images and containers 
***  FQDN = https://waardepapieren-demo.westeurope.azurecloud.joho 
***  docker-tag = 3
***  AZURE ACI-resourcegroup=Discipl_Wigo4it_DockerGroup3
*** LOGFILE=/Users/boscp08/Projects/scratch/virtual-insanity/waardepapieren/LOG_DIR/LOG_20200102_15_51.log
<code>
#######################
## variables
#######################
LOG_DIR=/Users/boscp08/Projects/scratch/virtual-insanity/waardepapieren/LOG_DIR
GIT_USER=boschpeter
GIT_REPO=waardepapieren
GITHUB_DIR=/Users/boscp08/Projects/scratch/virtual-insanity/waardepapieren
DOCKER_USER=boscp08
COMPOSE_BUILD_FLAG= --build
waardepapieren_mock-nlx=waardepapieren_mock-nlx
waardepapieren_waardepapieren-service=waardepapieren_waardepapieren-service
waardepapieren_clerk-frontend=waardepapieren_clerk-frontend
waardepapieren_mock-nlx=waardepapieren_mock-nlx
waardepapieren_waardepapieren-service=waardepapieren_waardepapieren-service
waardepapieren_clerk-frontend=waardepapieren_clerk-frontend
DOCKER_VERSION_TAG=3
AZ_RESOURCE_GROUP=Discipl_Wigo4it_DockerGroup3
AZ_DNSNAMELABEL=waardepapieren-demo
TIMEZONE=
CERT_HOST_IP=waardepapieren-demo.westeurope.azurecloud.joho
CERT_HOST_IP_WP_SERVICE_HOSTNAME=waardepapieren-demo.westeurope.azurecloud.joho
#######################
## variables
#######################
</code>
***
***  Welcome to a Darwin docker build  20200102_15_51 
***
***  bfg.bash mm 3 waardepapieren-demo.westeurope.azurecloud.joho   
***  /Users/boscp08/Projects/scratch/virtual-insanity/waardepapieren  
***  to build new waardepapieren images and containers 
***  FQDN = https://waardepapieren-demo.westeurope.azurecloud.joho 
***  docker-tag = 3
***  AZURE ACI-resourcegroup=Discipl_Wigo4it_DockerGroup3
*** LOGFILE=/Users/boscp08/Projects/scratch/virtual-insanity/waardepapieren/LOG_DIR/LOG_20200102_15_51.log
<code>
#######################
## variables
#######################
LOG_DIR=/Users/boscp08/Projects/scratch/virtual-insanity/waardepapieren/LOG_DIR
GIT_USER=boschpeter
GIT_REPO=waardepapieren
GITHUB_DIR=/Users/boscp08/Projects/scratch/virtual-insanity/waardepapieren
DOCKER_USER=boscp08
COMPOSE_BUILD_FLAG= --build
waardepapieren_mock-nlx=waardepapieren_mock-nlx
waardepapieren_waardepapieren-service=waardepapieren_waardepapieren-service
waardepapieren_clerk-frontend=waardepapieren_clerk-frontend
waardepapieren_mock-nlx=waardepapieren_mock-nlx
waardepapieren_waardepapieren-service=waardepapieren_waardepapieren-service
waardepapieren_clerk-frontend=waardepapieren_clerk-frontend
DOCKER_VERSION_TAG=3
AZ_RESOURCE_GROUP=Discipl_Wigo4it_DockerGroup3
AZ_DNSNAMELABEL=waardepapieren-demo
TIMEZONE=
CERT_HOST_IP=waardepapieren-demo.westeurope.azurecloud.joho
CERT_HOST_IP_WP_SERVICE_HOSTNAME=waardepapieren-demo.westeurope.azurecloud.joho
#######################
## variables
#######################
</code>
batch runtime : 20200102_15_51  - 20200102_15_51 

hope the run will be ok!

