| 20200102_22_41 | Dockerfile|
| 20200102_22_41 | /home/boscp08/Projects/scratch/virtual-insanity/waardepapieren/clerk-frontend |
<code>
FROM node:10
RUN mkdir /app
ADD package.json package-lock.json /app/
ENV REACT_APP_EPHEMERAL_ENDPOINT=https://localhost:443/api/eph
ENV REACT_APP_EPHEMERAL_WEBSOCKET_ENDPOINT=wss://localhost:443/api/eph-ws
WORKDIR /app
RUN npm install --unsafe-perm
ADD public /app/public
ADD src /app/src
ARG CERTIFICATE_HOST
ENV REACT_APP_CERTIFICATE_HOST=
RUN npm run build







FROM nginx:1.15.8
ADD nginx/nginx.conf /etc/nginx/nginx.conf
COPY --from=0 /app/build /usr/share/nginx/html
</code>
20200102_22_42 - END JOB :
-----------------------------------------------------------------------------

-----------------------------------------------------------------------------
