20200102_22_26 - BEGIN JOB:
-----------------------------------------------------------------------------
get_curl_waardepapieren
-----------------------------------------------------------------------------
-- Running:get_curl_waardepapieren 
  File: /home/boscp08/Projects/scratch/virtual-insanity/waardepapieren/docker-compose-travis.yml
  Size: 971       	Blocks: 10         IO Block: 1536   regular file
Device: 34h/52d	Inode: 166168      Links: 1
Access: (0777/-rwxrwxrwx)  Uid: ( 1000/ boscp08)   Gid: ( 1000/ boscp08)
Access: 2020-01-02 22:22:48.772891283 +0100
Modify: 2020-01-02 22:26:04.874522741 +0100
Change: 2020-01-02 22:26:04.874522741 +0100
 Birth: -
  File: /home/boscp08/Projects/scratch/virtual-insanity/waardepapieren/mock-nlx/Dockerfile
  Size: 133       	Blocks: 10         IO Block: 512    regular file
Device: 34h/52d	Inode: 166350      Links: 1
Access: (0777/-rwxrwxrwx)  Uid: ( 1000/ boscp08)   Gid: ( 1000/ boscp08)
Access: 2020-01-02 22:23:01.056742718 +0100
Modify: 2020-01-02 22:26:05.162519267 +0100
Change: 2020-01-02 22:26:05.162519267 +0100
 Birth: -
  File: /home/boscp08/Projects/scratch/virtual-insanity/waardepapieren/clerk-frontend/Dockerfile
  Size: 488       	Blocks: 10         IO Block: 1024   regular file
Device: 34h/52d	Inode: 165936      Links: 1
Access: (0777/-rwxrwxrwx)  Uid: ( 1000/ boscp08)   Gid: ( 1000/ boscp08)
Access: 2020-01-02 22:22:52.224849525 +0100
Modify: 2020-01-02 22:26:05.398516420 +0100
Change: 2020-01-02 22:26:05.398516420 +0100
 Birth: -
  File: /home/boscp08/Projects/scratch/virtual-insanity/waardepapieren/clerk-frontend/nginx/nginx.conf
  Size: 948       	Blocks: 10         IO Block: 1536   regular file
Device: 34h/52d	Inode: 175840      Links: 1
Access: (0777/-rwxrwxrwx)  Uid: ( 1000/ boscp08)   Gid: ( 1000/ boscp08)
Access: 2020-01-02 22:23:02.560724529 +0100
Modify: 2020-01-02 22:26:05.622513718 +0100
Change: 2020-01-02 22:26:05.622513718 +0100
 Birth: -
  File: /home/boscp08/Projects/scratch/virtual-insanity/waardepapieren/waardepapieren-service/Dockerfile
  Size: 264       	Blocks: 10         IO Block: 1024   regular file
Device: 34h/52d	Inode: 166676      Links: 1
Access: (0777/-rwxrwxrwx)  Uid: ( 1000/ boscp08)   Gid: ( 1000/ boscp08)
Access: 2020-01-02 22:22:57.056791088 +0100
Modify: 2020-01-02 22:26:05.878510630 +0100
Change: 2020-01-02 22:26:05.878510630 +0100
 Birth: -
  File: /home/boscp08/Projects/scratch/virtual-insanity/waardepapieren/waardepapieren-service/configuration/waardepapieren-config-compose-travis.json
  Size: 970       	Blocks: 10         IO Block: 1536   regular file
Device: 34h/52d	Inode: 166698      Links: 1
Access: (0777/-rwxrwxrwx)  Uid: ( 1000/ boscp08)   Gid: ( 1000/ boscp08)
Access: 2020-01-02 22:23:08.512652563 +0100
Modify: 2020-01-02 22:26:06.106507880 +0100
Change: 2020-01-02 22:26:06.106507880 +0100
 Birth: -
  File: /home/boscp08/Projects/scratch/virtual-insanity/waardepapieren/waardepapieren-service/configuration/waardepapieren-config-compose.json
  Size: 76608     	Blocks: 50         IO Block: 76800  regular file
Device: 34h/52d	Inode: 166708      Links: 1
Access: (0777/-rwxrwxrwx)  Uid: ( 1000/ boscp08)   Gid: ( 1000/ boscp08)
Access: 2020-01-02 22:23:23.744468416 +0100
Modify: 2020-01-02 22:26:06.642501414 +0100
Change: 2020-01-02 22:26:06.642501414 +0100
 Birth: -
  File: /home/boscp08/Projects/scratch/virtual-insanity/waardepapieren/waardepapieren-service/configuration/waardepapieren-config.json
  Size: 816       	Blocks: 10         IO Block: 1536   regular file
Device: 34h/52d	Inode: 166714      Links: 1
Access: (0777/-rwxrwxrwx)  Uid: ( 1000/ boscp08)   Gid: ( 1000/ boscp08)
Access: 2020-01-02 22:23:23.744468416 +0100
Modify: 2020-01-02 22:26:06.886498471 +0100
Change: 2020-01-02 22:26:06.886498471 +0100
 Birth: -
20200102_22_26 - END JOB :
-----------------------------------------------------------------------------
get_curl_waardepapieren
-----------------------------------------------------------------------------
