20200102_22_52 - BEGIN JOB:
-----------------------------------------------------------------------------
get_curl_waardepapieren
-----------------------------------------------------------------------------
-- Running:get_curl_waardepapieren 
  File: /home/boscp08/Projects/scratch/virtual-insanity/waardepapieren/docker-compose-travis.yml
  Size: 971       	Blocks: 10         IO Block: 1536   regular file
Device: 34h/52d	Inode: 166168      Links: 1
Access: (0777/-rwxrwxrwx)  Uid: ( 1000/ boscp08)   Gid: ( 1000/ boscp08)
Access: 2020-01-02 22:50:06.340872157 +0100
Modify: 2020-01-02 22:52:35.159019058 +0100
Change: 2020-01-02 22:52:35.159019058 +0100
 Birth: -
  File: /home/boscp08/Projects/scratch/virtual-insanity/waardepapieren/mock-nlx/Dockerfile
  Size: 133       	Blocks: 10         IO Block: 512    regular file
Device: 34h/52d	Inode: 166350      Links: 1
Access: (0777/-rwxrwxrwx)  Uid: ( 1000/ boscp08)   Gid: ( 1000/ boscp08)
Access: 2020-01-02 22:45:19.792486804 +0100
Modify: 2020-01-02 22:52:35.643013052 +0100
Change: 2020-01-02 22:52:35.643013052 +0100
 Birth: -
  File: /home/boscp08/Projects/scratch/virtual-insanity/waardepapieren/clerk-frontend/Dockerfile
  Size: 488       	Blocks: 10         IO Block: 1024   regular file
Device: 34h/52d	Inode: 165936      Links: 1
Access: (0777/-rwxrwxrwx)  Uid: ( 1000/ boscp08)   Gid: ( 1000/ boscp08)
Access: 2020-01-02 22:51:19.887954729 +0100
Modify: 2020-01-02 22:52:35.871010223 +0100
Change: 2020-01-02 22:52:35.871010223 +0100
 Birth: -
  File: /home/boscp08/Projects/scratch/virtual-insanity/waardepapieren/clerk-frontend/nginx/nginx.conf
  Size: 948       	Blocks: 10         IO Block: 1536   regular file
Device: 34h/52d	Inode: 175840      Links: 1
Access: (0777/-rwxrwxrwx)  Uid: ( 1000/ boscp08)   Gid: ( 1000/ boscp08)
Access: 2020-01-02 22:45:21.584463945 +0100
Modify: 2020-01-02 22:52:36.099007393 +0100
Change: 2020-01-02 22:52:36.099007393 +0100
 Birth: -
  File: /home/boscp08/Projects/scratch/virtual-insanity/waardepapieren/waardepapieren-service/Dockerfile
  Size: 264       	Blocks: 10         IO Block: 1024   regular file
Device: 34h/52d	Inode: 166676      Links: 1
Access: (0777/-rwxrwxrwx)  Uid: ( 1000/ boscp08)   Gid: ( 1000/ boscp08)
Access: 2020-01-02 22:50:17.516732523 +0100
Modify: 2020-01-02 22:52:36.303004861 +0100
Change: 2020-01-02 22:52:36.303004861 +0100
 Birth: -
  File: /home/boscp08/Projects/scratch/virtual-insanity/waardepapieren/waardepapieren-service/configuration/waardepapieren-config-compose-travis.json
  Size: 970       	Blocks: 10         IO Block: 1536   regular file
Device: 34h/52d	Inode: 166698      Links: 1
Access: (0777/-rwxrwxrwx)  Uid: ( 1000/ boscp08)   Gid: ( 1000/ boscp08)
Access: 2020-01-02 22:45:24.752423547 +0100
Modify: 2020-01-02 22:52:36.511002280 +0100
Change: 2020-01-02 22:52:36.511002280 +0100
 Birth: -
  File: /home/boscp08/Projects/scratch/virtual-insanity/waardepapieren/waardepapieren-service/configuration/waardepapieren-config-compose.json
  Size: 76617     	Blocks: 50         IO Block: 76800  regular file
Device: 34h/52d	Inode: 166708      Links: 1
Access: (0777/-rwxrwxrwx)  Uid: ( 1000/ boscp08)   Gid: ( 1000/ boscp08)
Access: 2020-01-02 22:45:30.172354456 +0100
Modify: 2020-01-02 22:52:37.030995827 +0100
Change: 2020-01-02 22:52:37.030995827 +0100
 Birth: -
  File: /home/boscp08/Projects/scratch/virtual-insanity/waardepapieren/waardepapieren-service/configuration/waardepapieren-config.json
  Size: 816       	Blocks: 10         IO Block: 1536   regular file
Device: 34h/52d	Inode: 166714      Links: 1
Access: (0777/-rwxrwxrwx)  Uid: ( 1000/ boscp08)   Gid: ( 1000/ boscp08)
Access: 2020-01-02 22:45:30.172354456 +0100
Modify: 2020-01-02 22:52:37.250993097 +0100
Change: 2020-01-02 22:52:37.250993097 +0100
 Birth: -
20200102_22_52 - END JOB :
-----------------------------------------------------------------------------
get_curl_waardepapieren
-----------------------------------------------------------------------------
